[03:40:45.156] [INFO] [36mInitializing Storybook[39m
[03:40:45.164] [DEBUG] Getting package.json info for /tmp/41e4dae0a4b7c84b357d258b15637ad3/package.json...
[03:40:45.164] [INFO] Package manager: Yarn Classic (v1)
[03:40:45.165] [DEBUG] Getting CLI versions from NPM for storybook...
[03:40:45.165] [DEBUG] Executing command: yarn info storybook version --json
[03:40:45.593] [INFO] Adding Storybook version 10.5.3 to your project
[03:40:45.594] [DEBUG] Using cached package.json for /tmp/41e4dae0a4b7c84b357d258b15637ad3/package.json...
[03:40:45.595] [DEBUG] Project type detected: react
[03:40:45.595] [DEBUG] Using cached package.json for /tmp/41e4dae0a4b7c84b357d258b15637ad3/package.json...
[03:40:45.595] [DEBUG] Using cached package.json for /tmp/41e4dae0a4b7c84b357d258b15637ad3/package.json...
[03:40:45.596] [INFO] Framework detected: react-webpack5
[03:40:45.596] [DEBUG] Getting installed version for vitest...
[03:40:45.597] [DEBUG] Executing command: yarn list --pattern "vitest" --json --recursive vitest
[03:40:54.571] [DEBUG] No installations found for vitest
[03:40:54.571] [DEBUG] Getting installed version for msw...
[03:40:54.571] [DEBUG] Executing command: yarn list --pattern "msw" --json --recursive msw
[03:41:03.984] [DEBUG] No installations found for msw
[03:41:03.990] [DEBUG] Using cached package.json for /tmp/41e4dae0a4b7c84b357d258b15637ad3/package.json...
[03:41:03.990] [DEBUG] Using cached version for storybook...
[03:41:03.990] [DEBUG] Getting CLI versions from NPM for @storybook/react-webpack5...
[03:41:03.990] [DEBUG] Executing command: yarn info @storybook/react-webpack5 version --json
[03:41:03.993] [DEBUG] Getting CLI versions from NPM for @storybook/addon-webpack5-compiler-swc...
[03:41:03.993] [DEBUG] Executing command: yarn info @storybook/addon-webpack5-compiler-swc version --json
[03:41:03.997] [DEBUG] Getting CLI versions from NPM for @storybook/addon-a11y...
[03:41:03.997] [DEBUG] Executing command: yarn info @storybook/addon-a11y version --json
[03:41:04.001] [DEBUG] Getting CLI versions from NPM for @storybook/addon-docs...
[03:41:04.001] [DEBUG] Executing command: yarn info @storybook/addon-docs version --json
[03:41:04.008] [DEBUG] Getting CLI versions from NPM for @storybook/addon-onboarding...
[03:41:04.008] [DEBUG] Executing command: yarn info @storybook/addon-onboarding version --json
[03:41:04.892] [INFO] - Configuring main.ts
[03:41:04.893] [INFO] - Configuring preview.ts
[03:41:04.894] [INFO] - Adding Storybook command to package.json
[03:41:04.895] [DEBUG] Getting package.json info for /tmp/41e4dae0a4b7c84b357d258b15637ad3/package.json...
[03:41:04.895] [DEBUG] Using cached package.json for /tmp/41e4dae0a4b7c84b357d258b15637ad3/package.json...
[03:41:04.895] [DEBUG] Using cached package.json for /tmp/41e4dae0a4b7c84b357d258b15637ad3/package.json...
[03:41:04.895] [INFO] - Copying framework templates
[03:41:04.908] [INFO] Storybook configuration generated
[03:41:04.909] [INFO] Adding devDependencies:
- storybook@^10.5.3
- @storybook/react-webpack5@^10.5.3
- @storybook/addon-webpack5-compiler-swc@^4.0.3
- @storybook/addon-a11y@^10.5.3
- @storybook/addon-docs@^10.5.3
- @storybook/addon-onboarding@^10.5.3
[03:41:04.910] [DEBUG] Using cached package.json for /tmp/41e4dae0a4b7c84b357d258b15637ad3/package.json...
[03:41:04.910] [DEBUG] Using cached version for storybook...
[03:41:04.910] [DEBUG] Using cached version for @storybook/react-webpack5...
[03:41:04.910] [DEBUG] Using cached version for @storybook/addon-webpack5-compiler-swc...
[03:41:04.910] [DEBUG] Using cached version for @storybook/addon-a11y...
[03:41:04.910] [DEBUG] Using cached version for @storybook/addon-docs...
[03:41:04.910] [DEBUG] Using cached version for @storybook/addon-onboarding...
[03:41:04.910] [DEBUG] Using cached package.json for /tmp/41e4dae0a4b7c84b357d258b15637ad3/package.json...
[03:41:04.910] [INFO] Dependencies added to package.json
[03:41:04.910] [INFO] Installing dependencies...
[03:41:04.910] [INFO] Installing dependencies...
[03:41:04.911] [DEBUG] Executing command: yarn install
[03:41:05.265] [INFO] Installing dependencies...: yarn install v1.22.22

[03:41:05.265] [INFO] Installing dependencies...: yarn install v1.22.22
[03:41:05.294] [INFO] Installing dependencies...: [1/4] Resolving packages...

[03:41:05.294] [INFO] Installing dependencies...: [1/4] Resolving packages.
[03:41:13.822] [INFO] Installing dependencies...: [2/4] Fetching packages...

[03:41:13.822] [INFO] Installing dependencies...: [2/4] Fetching packages..
[03:41:14.474] [INFO] Installing dependencies...: [3/4] Linking dependencies...

[03:41:14.474] [INFO] Installing dependencies...: [3/4] Linking dependencie
[03:41:17.585] [INFO] Installing dependencies...: [4/4] Building fresh packages...

[03:41:17.585] [INFO] Installing dependencies...: [4/4] Building fresh pack
[03:41:17.742] [INFO] Installing dependencies...: success Saved lockfile.

[03:41:17.742] [INFO] Installing dependencies...: success Saved lockfile.
[03:41:17.746] [INFO] Installing dependencies...: Done in 12.48s.

[03:41:17.746] [INFO] Installing dependencies...: Done in 12.48s.
[03:41:17.815] [INFO] Dependencies installed
[03:41:17.815] [INFO] Dependencies installed
[03:41:17.817] [INFO] Configuring @storybook/addon-a11y...
[03:41:17.818] [DEBUG] Executing command: npx storybook@10.5.3 automigrate addon-a11y-addon-test --loglevel silent --skip-doctor --yes --package-manager yarn1 --config-dir .storybook
[03:41:19.800] [DEBUG] {
  "shortMessage": "Command failed with exit code 1: npx 'storybook@10.5.3' automigrate addon-a11y-addon-test --loglevel silent --skip-doctor --yes --package-manager yarn1 --config-dir .storybook",
  "command": "npx storybook@10.5.3 automigrate addon-a11y-addon-test --loglevel silent --skip-doctor --yes --package-manager yarn1 --config-dir .storybook",
  "escapedCommand": "npx 'storybook@10.5.3' automigrate addon-a11y-addon-test --loglevel silent --skip-doctor --yes --package-manager yarn1 --config-dir .storybook",
  "cwd": "/tmp/41e4dae0a4b7c84b357d258b15637ad3",
  "durationMs": 1981.921567,
  "failed": true,
  "timedOut": false,
  "isCanceled": false,
  "isGracefullyCanceled": false,
  "isTerminated": false,
  "isMaxBuffer": false,
  "isForcefullyTerminated": false,
  "exitCode": 1,
  "stdout": "yarn run v1.22.22\ninfo Visit https://yarnpkg.com/en/docs/cli/run for documentation about this command.",
  "stderr": "error Command \"dlx\" not found.",
  "stdio": [
    null,
    "yarn run v1.22.22\ninfo Visit https://yarnpkg.com/en/docs/cli/run for documentation about this command.",
    "error Command \"dlx\" not found."
  ],
  "ipcOutput": [],
  "pipedFrom": []
}
[03:41:19.800] [INFO] Configuring @storybook/addon-docs...
[03:41:19.827] [WARN] Could not resolve the postinstall hook of @storybook/addon-docs, skipping its configuration. Run `npx storybook add @storybook/addon-docs` to set it up manually.
[03:41:19.829] [INFO] @storybook/addon-docs configured

[03:41:19.829] [INFO] Configuring @storybook/addon-onboarding...
[03:41:19.856] [WARN] Could not resolve the postinstall hook of @storybook/addon-onboarding, skipping its configuration. Run `npx storybook add @storybook/addon-onboarding` to set it up manually.
[03:41:19.857] [INFO] @storybook/addon-onboarding configured

[03:41:19.858] [INFO] Failed to configure addons
[03:41:19.858] [INFO] [2m❌ @storybook/addon-a11y[22m
[03:41:19.859] [INFO] [2m✅ @storybook/addon-docs[22m
[03:41:19.860] [INFO] [2m✅ @storybook/addon-onboarding[22m
[03:41:19.860] [WARN] Storybook setup completed, but some non-blocking errors occurred. Please check the log file below for details.
[03:41:19.861] [INFO] To run Storybook, run [36myarn storybook[39m. CTRL+C to stop.
[03:41:19.862] [INFO] Want to learn more about Storybook? [36mhttps://storybook.js.org/[39m
Having trouble or want to chat? [36mhttps://discord.gg/storybook/[39m