[04:04:07.706] [INFO] [36mInitializing Storybook[39m
[04:04:07.714] [DEBUG] Getting package.json info for /tmp/910783398d4b914ddd031363aaac627a/package.json...
[04:04:07.714] [INFO] Package manager: Yarn Classic (v1)
[04:04:07.715] [DEBUG] Getting CLI versions from NPM for storybook...
[04:04:07.716] [DEBUG] Executing command: yarn info storybook version --json
[04:04:08.146] [INFO] Adding Storybook version 10.5.2 to your project
[04:04:08.146] [DEBUG] Using cached package.json for /tmp/910783398d4b914ddd031363aaac627a/package.json...
[04:04:08.147] [DEBUG] Project type detected: react
[04:04:08.147] [DEBUG] Using cached package.json for /tmp/910783398d4b914ddd031363aaac627a/package.json...
[04:04:08.148] [DEBUG] Using cached package.json for /tmp/910783398d4b914ddd031363aaac627a/package.json...
[04:04:08.148] [INFO] Framework detected: react-webpack5
[04:04:08.149] [DEBUG] Getting installed version for vitest...
[04:04:08.149] [DEBUG] Executing command: yarn list --pattern "vitest" --json --recursive vitest
[04:04:13.811] [DEBUG] No installations found for vitest
[04:04:13.811] [DEBUG] Getting installed version for msw...
[04:04:13.811] [DEBUG] Executing command: yarn list --pattern "msw" --json --recursive msw
[04:04:19.360] [DEBUG] No installations found for msw
[04:04:19.366] [DEBUG] Using cached package.json for /tmp/910783398d4b914ddd031363aaac627a/package.json...
[04:04:19.366] [DEBUG] Using cached version for storybook...
[04:04:19.366] [DEBUG] Getting CLI versions from NPM for @storybook/react-webpack5...
[04:04:19.366] [DEBUG] Executing command: yarn info @storybook/react-webpack5 version --json
[04:04:19.370] [DEBUG] Getting CLI versions from NPM for @storybook/addon-webpack5-compiler-swc...
[04:04:19.370] [DEBUG] Executing command: yarn info @storybook/addon-webpack5-compiler-swc version --json
[04:04:19.373] [DEBUG] Getting CLI versions from NPM for @storybook/addon-a11y...
[04:04:19.373] [DEBUG] Executing command: yarn info @storybook/addon-a11y version --json
[04:04:19.378] [DEBUG] Getting CLI versions from NPM for @storybook/addon-docs...
[04:04:19.378] [DEBUG] Executing command: yarn info @storybook/addon-docs version --json
[04:04:19.382] [DEBUG] Getting CLI versions from NPM for @storybook/addon-onboarding...
[04:04:19.382] [DEBUG] Executing command: yarn info @storybook/addon-onboarding version --json
[04:04:20.288] [INFO] - Configuring main.ts
[04:04:20.289] [INFO] - Configuring preview.ts
[04:04:20.290] [INFO] - Adding Storybook command to package.json
[04:04:20.290] [DEBUG] Getting package.json info for /tmp/910783398d4b914ddd031363aaac627a/package.json...
[04:04:20.290] [DEBUG] Using cached package.json for /tmp/910783398d4b914ddd031363aaac627a/package.json...
[04:04:20.290] [DEBUG] Using cached package.json for /tmp/910783398d4b914ddd031363aaac627a/package.json...
[04:04:20.290] [INFO] - Copying framework templates
[04:04:20.305] [INFO] Storybook configuration generated
[04:04:20.306] [INFO] Adding devDependencies:
- storybook@^10.5.2
- @storybook/react-webpack5@^10.5.2
- @storybook/addon-webpack5-compiler-swc@^4.0.3
- @storybook/addon-a11y@^10.5.2
- @storybook/addon-docs@^10.5.2
- @storybook/addon-onboarding@^10.5.2
[04:04:20.306] [DEBUG] Using cached package.json for /tmp/910783398d4b914ddd031363aaac627a/package.json...
[04:04:20.306] [DEBUG] Using cached version for storybook...
[04:04:20.306] [DEBUG] Using cached version for @storybook/react-webpack5...
[04:04:20.306] [DEBUG] Using cached version for @storybook/addon-webpack5-compiler-swc...
[04:04:20.306] [DEBUG] Using cached version for @storybook/addon-a11y...
[04:04:20.306] [DEBUG] Using cached version for @storybook/addon-docs...
[04:04:20.306] [DEBUG] Using cached version for @storybook/addon-onboarding...
[04:04:20.306] [DEBUG] Using cached package.json for /tmp/910783398d4b914ddd031363aaac627a/package.json...
[04:04:20.307] [INFO] Dependencies added to package.json
[04:04:20.307] [INFO] Installing dependencies...
[04:04:20.307] [INFO] Installing dependencies...
[04:04:20.307] [DEBUG] Executing command: yarn install
[04:04:20.667] [INFO] Installing dependencies...: yarn install v1.22.22

[04:04:20.667] [INFO] Installing dependencies...: yarn install v1.22.22
[04:04:20.698] [INFO] Installing dependencies...: [1/4] Resolving packages...

[04:04:20.698] [INFO] Installing dependencies...: [1/4] Resolving packages.
[04:04:26.321] [INFO] Installing dependencies...: [2/4] Fetching packages...

[04:04:26.321] [INFO] Installing dependencies...: [2/4] Fetching packages..
[04:04:26.802] [INFO] Installing dependencies...: [3/4] Linking dependencies...

[04:04:26.802] [INFO] Installing dependencies...: [3/4] Linking dependencie
[04:04:29.900] [INFO] Installing dependencies...: [4/4] Building fresh packages...

[04:04:29.900] [INFO] Installing dependencies...: [4/4] Building fresh pack
[04:04:30.066] [INFO] Installing dependencies...: success Saved lockfile.

[04:04:30.066] [INFO] Installing dependencies...: success Saved lockfile.
[04:04:30.070] [INFO] Installing dependencies...: Done in 9.40s.

[04:04:30.070] [INFO] Installing dependencies...: Done in 9.40s.
[04:04:30.129] [INFO] Dependencies installed
[04:04:30.129] [INFO] Dependencies installed
[04:04:30.131] [INFO] Configuring @storybook/addon-a11y...
[04:04:30.131] [DEBUG] Executing command: npx storybook@10.5.2 automigrate addon-a11y-addon-test --loglevel silent --skip-doctor --yes --package-manager yarn1 --config-dir .storybook
[04:04:32.081] [DEBUG] {
  "shortMessage": "Command failed with exit code 1: npx 'storybook@10.5.2' automigrate addon-a11y-addon-test --loglevel silent --skip-doctor --yes --package-manager yarn1 --config-dir .storybook",
  "command": "npx storybook@10.5.2 automigrate addon-a11y-addon-test --loglevel silent --skip-doctor --yes --package-manager yarn1 --config-dir .storybook",
  "escapedCommand": "npx 'storybook@10.5.2' automigrate addon-a11y-addon-test --loglevel silent --skip-doctor --yes --package-manager yarn1 --config-dir .storybook",
  "cwd": "/tmp/910783398d4b914ddd031363aaac627a",
  "durationMs": 1949.460428,
  "failed": true,
  "timedOut": false,
  "isCanceled": false,
  "isGracefullyCanceled": false,
  "isTerminated": false,
  "isMaxBuffer": false,
  "isForcefullyTerminated": false,
  "exitCode": 1,
  "stdout": "yarn run v1.22.22\ninfo Visit https://yarnpkg.com/en/docs/cli/run for documentation about this command.",
  "stderr": "error Command \"dlx\" not found.",
  "stdio": [
    null,
    "yarn run v1.22.22\ninfo Visit https://yarnpkg.com/en/docs/cli/run for documentation about this command.",
    "error Command \"dlx\" not found."
  ],
  "ipcOutput": [],
  "pipedFrom": []
}
[04:04:32.081] [INFO] Configuring @storybook/addon-docs...
[04:04:32.108] [WARN] Could not resolve the postinstall hook of @storybook/addon-docs, skipping its configuration. Run `npx storybook add @storybook/addon-docs` to set it up manually.
[04:04:32.109] [INFO] @storybook/addon-docs configured

[04:04:32.109] [INFO] Configuring @storybook/addon-onboarding...
[04:04:32.135] [WARN] Could not resolve the postinstall hook of @storybook/addon-onboarding, skipping its configuration. Run `npx storybook add @storybook/addon-onboarding` to set it up manually.
[04:04:32.137] [INFO] @storybook/addon-onboarding configured

[04:04:32.137] [INFO] Failed to configure addons
[04:04:32.137] [INFO] [2m❌ @storybook/addon-a11y[22m
[04:04:32.139] [INFO] [2m✅ @storybook/addon-docs[22m
[04:04:32.139] [INFO] [2m✅ @storybook/addon-onboarding[22m
[04:04:32.140] [WARN] Storybook setup completed, but some non-blocking errors occurred. Please check the log file below for details.
[04:04:32.141] [INFO] To run Storybook, run [36myarn storybook[39m. CTRL+C to stop.
[04:04:32.141] [INFO] Want to learn more about Storybook? [36mhttps://storybook.js.org/[39m
Having trouble or want to chat? [36mhttps://discord.gg/storybook/[39m