[03:38:55.742] [INFO] [36mInitializing Storybook[39m
[03:38:55.749] [DEBUG] Getting package.json info for /tmp/4f063c3b39363d3fa17581c8a269503e/package.json...
[03:38:55.749] [INFO] Package manager: Yarn Classic (v1)
[03:38:55.750] [DEBUG] Getting CLI versions from NPM for storybook...
[03:38:55.750] [DEBUG] Executing command: yarn info storybook version --json
[03:38:56.152] [INFO] Adding Storybook version 10.5.0 to your project
[03:38:56.153] [DEBUG] Using cached package.json for /tmp/4f063c3b39363d3fa17581c8a269503e/package.json...
[03:38:56.153] [DEBUG] Project type detected: react
[03:38:56.153] [DEBUG] Using cached package.json for /tmp/4f063c3b39363d3fa17581c8a269503e/package.json...
[03:38:56.154] [DEBUG] Using cached package.json for /tmp/4f063c3b39363d3fa17581c8a269503e/package.json...
[03:38:56.154] [INFO] Framework detected: react-webpack5
[03:38:56.154] [DEBUG] Getting installed version for vitest...
[03:38:56.155] [DEBUG] Executing command: yarn list --pattern "vitest" --json --recursive vitest
[03:39:05.678] [DEBUG] No installations found for vitest
[03:39:05.678] [DEBUG] Getting installed version for msw...
[03:39:05.678] [DEBUG] Executing command: yarn list --pattern "msw" --json --recursive msw
[03:39:15.127] [DEBUG] No installations found for msw
[03:39:15.132] [DEBUG] Using cached package.json for /tmp/4f063c3b39363d3fa17581c8a269503e/package.json...
[03:39:15.132] [DEBUG] Using cached version for storybook...
[03:39:15.132] [DEBUG] Getting CLI versions from NPM for @storybook/react-webpack5...
[03:39:15.132] [DEBUG] Executing command: yarn info @storybook/react-webpack5 version --json
[03:39:15.135] [DEBUG] Getting CLI versions from NPM for @storybook/addon-webpack5-compiler-swc...
[03:39:15.136] [DEBUG] Executing command: yarn info @storybook/addon-webpack5-compiler-swc version --json
[03:39:15.139] [DEBUG] Getting CLI versions from NPM for @storybook/addon-a11y...
[03:39:15.139] [DEBUG] Executing command: yarn info @storybook/addon-a11y version --json
[03:39:15.143] [DEBUG] Getting CLI versions from NPM for @storybook/addon-docs...
[03:39:15.143] [DEBUG] Executing command: yarn info @storybook/addon-docs version --json
[03:39:15.146] [DEBUG] Getting CLI versions from NPM for @storybook/addon-onboarding...
[03:39:15.146] [DEBUG] Executing command: yarn info @storybook/addon-onboarding version --json
[03:39:15.924] [INFO] - Configuring main.ts
[03:39:15.925] [INFO] - Configuring preview.ts
[03:39:15.926] [INFO] - Adding Storybook command to package.json
[03:39:15.926] [DEBUG] Getting package.json info for /tmp/4f063c3b39363d3fa17581c8a269503e/package.json...
[03:39:15.926] [DEBUG] Using cached package.json for /tmp/4f063c3b39363d3fa17581c8a269503e/package.json...
[03:39:15.927] [DEBUG] Using cached package.json for /tmp/4f063c3b39363d3fa17581c8a269503e/package.json...
[03:39:15.927] [INFO] - Copying framework templates
[03:39:15.939] [INFO] Storybook configuration generated
[03:39:15.939] [INFO] Adding devDependencies:
- storybook@^10.5.0
- @storybook/react-webpack5@^10.5.0
- @storybook/addon-webpack5-compiler-swc@^4.0.3
- @storybook/addon-a11y@^10.5.0
- @storybook/addon-docs@^10.5.0
- @storybook/addon-onboarding@^10.5.0
[03:39:15.940] [DEBUG] Using cached package.json for /tmp/4f063c3b39363d3fa17581c8a269503e/package.json...
[03:39:15.940] [DEBUG] Using cached version for storybook...
[03:39:15.940] [DEBUG] Using cached version for @storybook/react-webpack5...
[03:39:15.940] [DEBUG] Using cached version for @storybook/addon-webpack5-compiler-swc...
[03:39:15.940] [DEBUG] Using cached version for @storybook/addon-a11y...
[03:39:15.940] [DEBUG] Using cached version for @storybook/addon-docs...
[03:39:15.940] [DEBUG] Using cached version for @storybook/addon-onboarding...
[03:39:15.940] [DEBUG] Using cached package.json for /tmp/4f063c3b39363d3fa17581c8a269503e/package.json...
[03:39:15.940] [INFO] Dependencies added to package.json
[03:39:15.941] [INFO] Installing dependencies...
[03:39:15.941] [INFO] Installing dependencies...
[03:39:15.941] [DEBUG] Executing command: yarn install
[03:39:16.266] [INFO] Installing dependencies...: yarn install v1.22.22

[03:39:16.266] [INFO] Installing dependencies...: yarn install v1.22.22
[03:39:16.296] [INFO] Installing dependencies...: [1/4] Resolving packages...

[03:39:16.296] [INFO] Installing dependencies...: [1/4] Resolving packages.
[03:39:26.253] [INFO] Installing dependencies...: [2/4] Fetching packages...

[03:39:26.253] [INFO] Installing dependencies...: [2/4] Fetching packages..
[03:39:30.328] [INFO] Installing dependencies...: [3/4] Linking dependencies...

[03:39:30.328] [INFO] Installing dependencies...: [3/4] Linking dependencie
[03:39:34.039] [INFO] Installing dependencies...: [4/4] Building fresh packages...

[03:39:34.039] [INFO] Installing dependencies...: [4/4] Building fresh pack
[03:39:34.185] [INFO] Installing dependencies...: success Saved lockfile.

[03:39:34.185] [INFO] Installing dependencies...: success Saved lockfile.
[03:39:34.187] [INFO] Installing dependencies...: Done in 17.92s.

[03:39:34.187] [INFO] Installing dependencies...: Done in 17.92s.
[03:39:34.234] [INFO] Dependencies installed
[03:39:34.234] [INFO] Dependencies installed
[03:39:34.236] [INFO] Configuring @storybook/addon-a11y...
[03:39:34.236] [DEBUG] Executing command: npx storybook@10.5.0 automigrate addon-a11y-addon-test --loglevel silent --skip-doctor --yes --package-manager yarn1 --config-dir .storybook
[03:39:35.922] [DEBUG] {
  "shortMessage": "Command failed with exit code 1: npx 'storybook@10.5.0' automigrate addon-a11y-addon-test --loglevel silent --skip-doctor --yes --package-manager yarn1 --config-dir .storybook",
  "command": "npx storybook@10.5.0 automigrate addon-a11y-addon-test --loglevel silent --skip-doctor --yes --package-manager yarn1 --config-dir .storybook",
  "escapedCommand": "npx 'storybook@10.5.0' automigrate addon-a11y-addon-test --loglevel silent --skip-doctor --yes --package-manager yarn1 --config-dir .storybook",
  "cwd": "/tmp/4f063c3b39363d3fa17581c8a269503e",
  "durationMs": 1685.843898,
  "failed": true,
  "timedOut": false,
  "isCanceled": false,
  "isGracefullyCanceled": false,
  "isTerminated": false,
  "isMaxBuffer": false,
  "isForcefullyTerminated": false,
  "exitCode": 1,
  "stdout": "yarn run v1.22.22\ninfo Visit https://yarnpkg.com/en/docs/cli/run for documentation about this command.",
  "stderr": "error Command \"dlx\" not found.",
  "stdio": [
    null,
    "yarn run v1.22.22\ninfo Visit https://yarnpkg.com/en/docs/cli/run for documentation about this command.",
    "error Command \"dlx\" not found."
  ],
  "ipcOutput": [],
  "pipedFrom": []
}
[03:39:35.922] [INFO] Configuring @storybook/addon-docs...
[03:39:35.949] [WARN] Could not resolve the postinstall hook of @storybook/addon-docs, skipping its configuration. Run `npx storybook add @storybook/addon-docs` to set it up manually.
[03:39:35.951] [INFO] @storybook/addon-docs configured

[03:39:35.951] [INFO] Configuring @storybook/addon-onboarding...
[03:39:35.978] [WARN] Could not resolve the postinstall hook of @storybook/addon-onboarding, skipping its configuration. Run `npx storybook add @storybook/addon-onboarding` to set it up manually.
[03:39:35.978] [INFO] @storybook/addon-onboarding configured

[03:39:35.979] [INFO] Failed to configure addons
[03:39:35.979] [INFO] [2m❌ @storybook/addon-a11y[22m
[03:39:35.980] [INFO] [2m✅ @storybook/addon-docs[22m
[03:39:35.980] [INFO] [2m✅ @storybook/addon-onboarding[22m
[03:39:35.980] [WARN] Storybook setup completed, but some non-blocking errors occurred. Please check the log file below for details.
[03:39:35.981] [INFO] To run Storybook, run [36myarn storybook[39m. CTRL+C to stop.
[03:39:35.982] [INFO] Want to learn more about Storybook? [36mhttps://storybook.js.org/[39m
Having trouble or want to chat? [36mhttps://discord.gg/storybook/[39m