[04:01:50.453] [INFO] [36mInitializing Storybook[39m
[04:01:50.459] [DEBUG] Getting package.json info for /tmp/df483cf18c0a7d06d28a180b8175cff9/package.json...
[04:01:50.459] [INFO] Package manager: Yarn Classic (v1)
[04:01:50.460] [DEBUG] Getting CLI versions from NPM for storybook...
[04:01:50.460] [DEBUG] Executing command: yarn info storybook version --json
[04:01:50.796] [INFO] Adding Storybook version 10.5.0 to your project
[04:01:50.796] [INFO] Installing Storybook for user specified project type: server
[04:01:50.797] [DEBUG] Using cached package.json for /tmp/df483cf18c0a7d06d28a180b8175cff9/package.json...
[04:01:50.797] [INFO] Framework detected: server-webpack5
[04:01:50.797] [DEBUG] Getting installed version for vitest...
[04:01:50.798] [DEBUG] Executing command: yarn list --pattern "vitest" --json --recursive vitest
[04:01:55.800] [DEBUG] No installations found for vitest
[04:01:55.800] [DEBUG] Getting installed version for msw...
[04:01:55.800] [DEBUG] Executing command: yarn list --pattern "msw" --json --recursive msw
[04:02:00.468] [DEBUG] No installations found for msw
[04:02:00.472] [DEBUG] Using cached package.json for /tmp/df483cf18c0a7d06d28a180b8175cff9/package.json...
[04:02:00.472] [DEBUG] Using cached version for storybook...
[04:02:00.472] [DEBUG] Getting CLI versions from NPM for @storybook/server-webpack5...
[04:02:00.472] [DEBUG] Executing command: yarn info @storybook/server-webpack5 version --json
[04:02:00.476] [DEBUG] Getting CLI versions from NPM for @storybook/addon-webpack5-compiler-swc...
[04:02:00.476] [DEBUG] Executing command: yarn info @storybook/addon-webpack5-compiler-swc version --json
[04:02:00.479] [DEBUG] Getting CLI versions from NPM for @storybook/addon-a11y...
[04:02:00.479] [DEBUG] Executing command: yarn info @storybook/addon-a11y version --json
[04:02:00.486] [DEBUG] Getting CLI versions from NPM for @storybook/addon-docs...
[04:02:00.486] [DEBUG] Executing command: yarn info @storybook/addon-docs version --json
[04:02:00.998] [INFO] - Configuring main.js
[04:02:00.999] [INFO] - Configuring preview.js
[04:02:00.999] [INFO] - Adding Storybook command to package.json
[04:02:01.000] [DEBUG] Getting package.json info for /tmp/df483cf18c0a7d06d28a180b8175cff9/package.json...
[04:02:01.000] [DEBUG] Using cached package.json for /tmp/df483cf18c0a7d06d28a180b8175cff9/package.json...
[04:02:01.000] [DEBUG] Using cached package.json for /tmp/df483cf18c0a7d06d28a180b8175cff9/package.json...
[04:02:01.000] [INFO] - Copying framework templates
[04:02:01.012] [INFO] Storybook configuration generated
[04:02:01.012] [INFO] Adding devDependencies:
- storybook@^10.5.0
- @storybook/server-webpack5@^10.5.0
- @storybook/addon-webpack5-compiler-swc@^4.0.3
- @storybook/addon-a11y@^10.5.0
- @storybook/addon-docs@^10.5.0
[04:02:01.012] [DEBUG] Using cached package.json for /tmp/df483cf18c0a7d06d28a180b8175cff9/package.json...
[04:02:01.012] [DEBUG] Using cached version for storybook...
[04:02:01.012] [DEBUG] Using cached version for @storybook/server-webpack5...
[04:02:01.013] [DEBUG] Using cached version for @storybook/addon-webpack5-compiler-swc...
[04:02:01.013] [DEBUG] Using cached version for @storybook/addon-a11y...
[04:02:01.013] [DEBUG] Using cached version for @storybook/addon-docs...
[04:02:01.013] [DEBUG] Using cached package.json for /tmp/df483cf18c0a7d06d28a180b8175cff9/package.json...
[04:02:01.013] [INFO] Dependencies added to package.json
[04:02:01.013] [INFO] Installing dependencies...
[04:02:01.013] [INFO] Installing dependencies...
[04:02:01.013] [DEBUG] Executing command: yarn install
[04:02:01.298] [INFO] Installing dependencies...: yarn install v1.22.22

[04:02:01.298] [INFO] Installing dependencies...: yarn install v1.22.22
[04:02:01.315] [INFO] Installing dependencies...: [1/4] Resolving packages...

[04:02:01.315] [INFO] Installing dependencies...: [1/4] Resolving packages.
[04:02:05.970] [INFO] Installing dependencies...: [2/4] Fetching packages...

[04:02:05.970] [INFO] Installing dependencies...: [2/4] Fetching packages..
[04:02:06.238] [INFO] Installing dependencies...: [3/4] Linking dependencies...

[04:02:06.238] [INFO] Installing dependencies...: [3/4] Linking dependencie
[04:02:07.952] [INFO] Installing dependencies...: [4/4] Building fresh packages...

[04:02:07.952] [INFO] Installing dependencies...: [4/4] Building fresh pack
[04:02:08.070] [INFO] Installing dependencies...: success Saved lockfile.

[04:02:08.070] [INFO] Installing dependencies...: success Saved lockfile.
[04:02:08.072] [INFO] Installing dependencies...: Done in 6.78s.

[04:02:08.072] [INFO] Installing dependencies...: Done in 6.78s.
[04:02:08.121] [INFO] Dependencies installed
[04:02:08.121] [INFO] Dependencies installed
[04:02:08.123] [INFO] Configuring @storybook/addon-a11y...
[04:02:08.123] [DEBUG] Executing command: npx storybook@10.5.0 automigrate addon-a11y-addon-test --loglevel silent --skip-doctor --yes --package-manager yarn1 --config-dir .storybook
[04:02:09.433] [DEBUG] {
  "shortMessage": "Command failed with exit code 1: npx 'storybook@10.5.0' automigrate addon-a11y-addon-test --loglevel silent --skip-doctor --yes --package-manager yarn1 --config-dir .storybook",
  "command": "npx storybook@10.5.0 automigrate addon-a11y-addon-test --loglevel silent --skip-doctor --yes --package-manager yarn1 --config-dir .storybook",
  "escapedCommand": "npx 'storybook@10.5.0' automigrate addon-a11y-addon-test --loglevel silent --skip-doctor --yes --package-manager yarn1 --config-dir .storybook",
  "cwd": "/tmp/df483cf18c0a7d06d28a180b8175cff9",
  "durationMs": 1309.615692,
  "failed": true,
  "timedOut": false,
  "isCanceled": false,
  "isGracefullyCanceled": false,
  "isTerminated": false,
  "isMaxBuffer": false,
  "isForcefullyTerminated": false,
  "exitCode": 1,
  "stdout": "yarn run v1.22.22\ninfo Visit https://yarnpkg.com/en/docs/cli/run for documentation about this command.",
  "stderr": "error Command \"dlx\" not found.",
  "stdio": [
    null,
    "yarn run v1.22.22\ninfo Visit https://yarnpkg.com/en/docs/cli/run for documentation about this command.",
    "error Command \"dlx\" not found."
  ],
  "ipcOutput": [],
  "pipedFrom": []
}
[04:02:09.433] [INFO] Configuring @storybook/addon-docs...
[04:02:09.457] [WARN] Could not resolve the postinstall hook of @storybook/addon-docs, skipping its configuration. Run `npx storybook add @storybook/addon-docs` to set it up manually.
[04:02:09.458] [INFO] @storybook/addon-docs configured

[04:02:09.459] [INFO] Failed to configure addons
[04:02:09.459] [INFO] [2m❌ @storybook/addon-a11y[22m
[04:02:09.459] [INFO] [2m✅ @storybook/addon-docs[22m
[04:02:09.460] [WARN] Storybook setup completed, but some non-blocking errors occurred. Please check the log file below for details.
[04:02:09.460] [INFO] To run Storybook, run [36myarn storybook[39m. CTRL+C to stop.
[04:02:09.461] [INFO] Want to learn more about Storybook? [36mhttps://storybook.js.org/[39m
Having trouble or want to chat? [36mhttps://discord.gg/storybook/[39m