[03:29:00.220] [INFO] [36mInitializing Storybook[39m
[03:29:00.228] [DEBUG] Getting package.json info for /tmp/4ddb5eeb4e6d272dacdf891918a9fded/package.json...
[03:29:00.228] [INFO] Package manager: Yarn Classic (v1)
[03:29:00.229] [DEBUG] Getting CLI versions from NPM for storybook...
[03:29:00.229] [DEBUG] Executing command: yarn info storybook version --json
[03:29:00.661] [WARN] This is a pre-release version: 10.6.0-alpha.0
[03:29:00.662] [DEBUG] Using cached package.json for /tmp/4ddb5eeb4e6d272dacdf891918a9fded/package.json...
[03:29:00.663] [DEBUG] Project type detected: react
[03:29:00.663] [DEBUG] Using cached package.json for /tmp/4ddb5eeb4e6d272dacdf891918a9fded/package.json...
[03:29:00.663] [DEBUG] Using cached package.json for /tmp/4ddb5eeb4e6d272dacdf891918a9fded/package.json...
[03:29:00.663] [INFO] Framework detected: react-webpack5
[03:29:00.664] [DEBUG] Getting installed version for vitest...
[03:29:00.665] [DEBUG] Executing command: yarn list --pattern "vitest" --json --recursive vitest
[03:29:06.657] [DEBUG] No installations found for vitest
[03:29:06.657] [DEBUG] Getting installed version for msw...
[03:29:06.657] [DEBUG] Executing command: yarn list --pattern "msw" --json --recursive msw
[03:29:13.162] [DEBUG] No installations found for msw
[03:29:13.168] [DEBUG] Using cached package.json for /tmp/4ddb5eeb4e6d272dacdf891918a9fded/package.json...
[03:29:13.168] [DEBUG] Using cached version for storybook...
[03:29:13.168] [DEBUG] Getting CLI versions from NPM for @storybook/react-webpack5...
[03:29:13.168] [DEBUG] Executing command: yarn info @storybook/react-webpack5 version --json
[03:29:13.172] [DEBUG] Getting CLI versions from NPM for @storybook/addon-webpack5-compiler-swc...
[03:29:13.172] [DEBUG] Executing command: yarn info @storybook/addon-webpack5-compiler-swc version --json
[03:29:13.175] [DEBUG] Getting CLI versions from NPM for @storybook/addon-a11y...
[03:29:13.175] [DEBUG] Executing command: yarn info @storybook/addon-a11y version --json
[03:29:13.180] [DEBUG] Getting CLI versions from NPM for @storybook/addon-docs...
[03:29:13.180] [DEBUG] Executing command: yarn info @storybook/addon-docs version --json
[03:29:13.184] [DEBUG] Getting CLI versions from NPM for @storybook/addon-onboarding...
[03:29:13.184] [DEBUG] Executing command: yarn info @storybook/addon-onboarding version --json
[03:29:14.104] [INFO] - Configuring main.ts
[03:29:14.106] [INFO] - Configuring preview.ts
[03:29:14.106] [INFO] - Adding Storybook command to package.json
[03:29:14.107] [DEBUG] Getting package.json info for /tmp/4ddb5eeb4e6d272dacdf891918a9fded/package.json...
[03:29:14.107] [DEBUG] Using cached package.json for /tmp/4ddb5eeb4e6d272dacdf891918a9fded/package.json...
[03:29:14.107] [DEBUG] Using cached package.json for /tmp/4ddb5eeb4e6d272dacdf891918a9fded/package.json...
[03:29:14.107] [INFO] - Copying framework templates
[03:29:14.122] [INFO] Storybook configuration generated
[03:29:14.123] [INFO] Adding devDependencies:
- storybook@^10.6.0-alpha.0
- @storybook/react-webpack5@^10.6.0-alpha.0
- @storybook/addon-webpack5-compiler-swc@^4.0.3
- @storybook/addon-a11y@^10.6.0-alpha.0
- @storybook/addon-docs@^10.6.0-alpha.0
- @storybook/addon-onboarding@^10.6.0-alpha.0
[03:29:14.124] [DEBUG] Using cached package.json for /tmp/4ddb5eeb4e6d272dacdf891918a9fded/package.json...
[03:29:14.124] [DEBUG] Using cached version for storybook...
[03:29:14.124] [DEBUG] Using cached version for @storybook/react-webpack5...
[03:29:14.124] [DEBUG] Using cached version for @storybook/addon-webpack5-compiler-swc...
[03:29:14.124] [DEBUG] Using cached version for @storybook/addon-a11y...
[03:29:14.124] [DEBUG] Using cached version for @storybook/addon-docs...
[03:29:14.124] [DEBUG] Using cached version for @storybook/addon-onboarding...
[03:29:14.124] [DEBUG] Using cached package.json for /tmp/4ddb5eeb4e6d272dacdf891918a9fded/package.json...
[03:29:14.124] [INFO] Dependencies added to package.json
[03:29:14.124] [INFO] Installing dependencies...
[03:29:14.124] [INFO] Installing dependencies...
[03:29:14.125] [DEBUG] Executing command: yarn install
[03:29:14.483] [INFO] Installing dependencies...: yarn install v1.22.22

[03:29:14.483] [INFO] Installing dependencies...: yarn install v1.22.22
[03:29:14.513] [INFO] Installing dependencies...: [1/4] Resolving packages...

[03:29:14.513] [INFO] Installing dependencies...: [1/4] Resolving packages.
[03:29:20.403] [INFO] Installing dependencies...: [2/4] Fetching packages...

[03:29:20.403] [INFO] Installing dependencies...: [2/4] Fetching packages..
[03:29:21.010] [INFO] Installing dependencies...: [3/4] Linking dependencies...

[03:29:21.010] [INFO] Installing dependencies...: [3/4] Linking dependencie
[03:29:24.213] [INFO] Installing dependencies...: [4/4] Building fresh packages...

[03:29:24.213] [INFO] Installing dependencies...: [4/4] Building fresh pack
[03:29:24.378] [INFO] Installing dependencies...: success Saved lockfile.

[03:29:24.378] [INFO] Installing dependencies...: success Saved lockfile.
[03:29:24.382] [INFO] Installing dependencies...: Done in 9.90s.

[03:29:24.382] [INFO] Installing dependencies...: Done in 9.90s.
[03:29:24.440] [INFO] Dependencies installed
[03:29:24.440] [INFO] Dependencies installed
[03:29:24.442] [INFO] Configuring @storybook/addon-a11y...
[03:29:24.442] [DEBUG] Executing command: npx storybook@10.6.0-alpha.0 automigrate addon-a11y-addon-test --loglevel silent --skip-doctor --yes --package-manager yarn1 --config-dir .storybook
[03:29:26.431] [DEBUG] {
  "shortMessage": "Command failed with exit code 1: npx 'storybook@10.6.0-alpha.0' automigrate addon-a11y-addon-test --loglevel silent --skip-doctor --yes --package-manager yarn1 --config-dir .storybook",
  "command": "npx storybook@10.6.0-alpha.0 automigrate addon-a11y-addon-test --loglevel silent --skip-doctor --yes --package-manager yarn1 --config-dir .storybook",
  "escapedCommand": "npx 'storybook@10.6.0-alpha.0' automigrate addon-a11y-addon-test --loglevel silent --skip-doctor --yes --package-manager yarn1 --config-dir .storybook",
  "cwd": "/tmp/4ddb5eeb4e6d272dacdf891918a9fded",
  "durationMs": 1989.14826,
  "failed": true,
  "timedOut": false,
  "isCanceled": false,
  "isGracefullyCanceled": false,
  "isTerminated": false,
  "isMaxBuffer": false,
  "isForcefullyTerminated": false,
  "exitCode": 1,
  "stdout": "yarn run v1.22.22\ninfo Visit https://yarnpkg.com/en/docs/cli/run for documentation about this command.",
  "stderr": "error Command \"dlx\" not found.",
  "stdio": [
    null,
    "yarn run v1.22.22\ninfo Visit https://yarnpkg.com/en/docs/cli/run for documentation about this command.",
    "error Command \"dlx\" not found."
  ],
  "ipcOutput": [],
  "pipedFrom": []
}
[03:29:26.431] [INFO] Configuring @storybook/addon-docs...
[03:29:26.461] [WARN] Could not resolve the postinstall hook of @storybook/addon-docs, skipping its configuration. Run `npx storybook add @storybook/addon-docs` to set it up manually.
[03:29:26.463] [INFO] @storybook/addon-docs configured

[03:29:26.463] [INFO] Configuring @storybook/addon-onboarding...
[03:29:26.490] [WARN] Could not resolve the postinstall hook of @storybook/addon-onboarding, skipping its configuration. Run `npx storybook add @storybook/addon-onboarding` to set it up manually.
[03:29:26.492] [INFO] @storybook/addon-onboarding configured

[03:29:26.492] [INFO] Failed to configure addons
[03:29:26.492] [INFO] [2m❌ @storybook/addon-a11y[22m
[03:29:26.494] [INFO] [2m✅ @storybook/addon-docs[22m
[03:29:26.494] [INFO] [2m✅ @storybook/addon-onboarding[22m
[03:29:26.494] [WARN] Storybook setup completed, but some non-blocking errors occurred. Please check the log file below for details.
[03:29:26.495] [INFO] To run Storybook, run [36myarn storybook[39m. CTRL+C to stop.
[03:29:26.496] [INFO] Want to learn more about Storybook? [36mhttps://storybook.js.org/[39m
Having trouble or want to chat? [36mhttps://discord.gg/storybook/[39m