[04:04:41.890] [INFO] [36mInitializing Storybook[39m
[04:04:41.898] [DEBUG] Getting package.json info for /tmp/334cb68a0a64d9c8453a704a95cb0c6f/package.json...
[04:04:41.898] [INFO] Package manager: Yarn Classic (v1)
[04:04:41.900] [DEBUG] Getting CLI versions from NPM for storybook...
[04:04:41.900] [DEBUG] Executing command: yarn info storybook version --json
[04:04:42.331] [INFO] Adding Storybook version 10.5.2 to your project
[04:04:42.332] [DEBUG] Using cached package.json for /tmp/334cb68a0a64d9c8453a704a95cb0c6f/package.json...
[04:04:42.332] [DEBUG] Project type detected: react
[04:04:42.333] [DEBUG] Using cached package.json for /tmp/334cb68a0a64d9c8453a704a95cb0c6f/package.json...
[04:04:42.333] [DEBUG] Using cached package.json for /tmp/334cb68a0a64d9c8453a704a95cb0c6f/package.json...
[04:04:42.333] [INFO] Framework detected: react-webpack5
[04:04:42.334] [DEBUG] Getting installed version for vitest...
[04:04:42.335] [DEBUG] Executing command: yarn list --pattern "vitest" --json --recursive vitest
[04:04:48.141] [DEBUG] No installations found for vitest
[04:04:48.141] [DEBUG] Getting installed version for msw...
[04:04:48.141] [DEBUG] Executing command: yarn list --pattern "msw" --json --recursive msw
[04:04:53.569] [DEBUG] No installations found for msw
[04:04:53.574] [DEBUG] Using cached package.json for /tmp/334cb68a0a64d9c8453a704a95cb0c6f/package.json...
[04:04:53.575] [DEBUG] Using cached version for storybook...
[04:04:53.575] [DEBUG] Getting CLI versions from NPM for @storybook/react-webpack5...
[04:04:53.575] [DEBUG] Executing command: yarn info @storybook/react-webpack5 version --json
[04:04:53.578] [DEBUG] Getting CLI versions from NPM for @storybook/addon-webpack5-compiler-swc...
[04:04:53.578] [DEBUG] Executing command: yarn info @storybook/addon-webpack5-compiler-swc version --json
[04:04:53.582] [DEBUG] Getting CLI versions from NPM for @storybook/addon-a11y...
[04:04:53.582] [DEBUG] Executing command: yarn info @storybook/addon-a11y version --json
[04:04:53.586] [DEBUG] Getting CLI versions from NPM for @storybook/addon-docs...
[04:04:53.586] [DEBUG] Executing command: yarn info @storybook/addon-docs version --json
[04:04:53.591] [DEBUG] Getting CLI versions from NPM for @storybook/addon-onboarding...
[04:04:53.591] [DEBUG] Executing command: yarn info @storybook/addon-onboarding version --json
[04:04:54.477] [INFO] - Configuring main.ts
[04:04:54.478] [INFO] - Configuring preview.ts
[04:04:54.479] [INFO] - Adding Storybook command to package.json
[04:04:54.480] [DEBUG] Getting package.json info for /tmp/334cb68a0a64d9c8453a704a95cb0c6f/package.json...
[04:04:54.480] [DEBUG] Using cached package.json for /tmp/334cb68a0a64d9c8453a704a95cb0c6f/package.json...
[04:04:54.480] [DEBUG] Using cached package.json for /tmp/334cb68a0a64d9c8453a704a95cb0c6f/package.json...
[04:04:54.480] [INFO] - Copying framework templates
[04:04:54.494] [INFO] Storybook configuration generated
[04:04:54.495] [INFO] Adding devDependencies:
- storybook@^10.5.2
- @storybook/react-webpack5@^10.5.2
- @storybook/addon-webpack5-compiler-swc@^4.0.3
- @storybook/addon-a11y@^10.5.2
- @storybook/addon-docs@^10.5.2
- @storybook/addon-onboarding@^10.5.2
[04:04:54.496] [DEBUG] Using cached package.json for /tmp/334cb68a0a64d9c8453a704a95cb0c6f/package.json...
[04:04:54.496] [DEBUG] Using cached version for storybook...
[04:04:54.496] [DEBUG] Using cached version for @storybook/react-webpack5...
[04:04:54.496] [DEBUG] Using cached version for @storybook/addon-webpack5-compiler-swc...
[04:04:54.496] [DEBUG] Using cached version for @storybook/addon-a11y...
[04:04:54.496] [DEBUG] Using cached version for @storybook/addon-docs...
[04:04:54.496] [DEBUG] Using cached version for @storybook/addon-onboarding...
[04:04:54.496] [DEBUG] Using cached package.json for /tmp/334cb68a0a64d9c8453a704a95cb0c6f/package.json...
[04:04:54.496] [INFO] Dependencies added to package.json
[04:04:54.497] [INFO] Installing dependencies...
[04:04:54.497] [INFO] Installing dependencies...
[04:04:54.497] [DEBUG] Executing command: yarn install
[04:04:54.852] [INFO] Installing dependencies...: yarn install v1.22.22

[04:04:54.852] [INFO] Installing dependencies...: yarn install v1.22.22
[04:04:54.881] [INFO] Installing dependencies...: [1/4] Resolving packages...

[04:04:54.881] [INFO] Installing dependencies...: [1/4] Resolving packages.
[04:05:00.380] [INFO] Installing dependencies...: [2/4] Fetching packages...

[04:05:00.380] [INFO] Installing dependencies...: [2/4] Fetching packages..
[04:05:00.999] [INFO] Installing dependencies...: [3/4] Linking dependencies...

[04:05:00.999] [INFO] Installing dependencies...: [3/4] Linking dependencie
[04:05:04.184] [INFO] Installing dependencies...: [4/4] Building fresh packages...

[04:05:04.184] [INFO] Installing dependencies...: [4/4] Building fresh pack
[04:05:04.353] [INFO] Installing dependencies...: success Saved lockfile.

[04:05:04.353] [INFO] Installing dependencies...: success Saved lockfile.
[04:05:04.359] [INFO] Installing dependencies...: Done in 9.51s.

[04:05:04.359] [INFO] Installing dependencies...: Done in 9.51s.
[04:05:04.471] [INFO] Dependencies installed
[04:05:04.471] [INFO] Dependencies installed
[04:05:04.473] [INFO] Configuring @storybook/addon-a11y...
[04:05:04.473] [DEBUG] Executing command: npx storybook@10.5.2 automigrate addon-a11y-addon-test --loglevel silent --skip-doctor --yes --package-manager yarn1 --config-dir .storybook
[04:05:06.450] [DEBUG] {
  "shortMessage": "Command failed with exit code 1: npx 'storybook@10.5.2' automigrate addon-a11y-addon-test --loglevel silent --skip-doctor --yes --package-manager yarn1 --config-dir .storybook",
  "command": "npx storybook@10.5.2 automigrate addon-a11y-addon-test --loglevel silent --skip-doctor --yes --package-manager yarn1 --config-dir .storybook",
  "escapedCommand": "npx 'storybook@10.5.2' automigrate addon-a11y-addon-test --loglevel silent --skip-doctor --yes --package-manager yarn1 --config-dir .storybook",
  "cwd": "/tmp/334cb68a0a64d9c8453a704a95cb0c6f",
  "durationMs": 1976.59359,
  "failed": true,
  "timedOut": false,
  "isCanceled": false,
  "isGracefullyCanceled": false,
  "isTerminated": false,
  "isMaxBuffer": false,
  "isForcefullyTerminated": false,
  "exitCode": 1,
  "stdout": "yarn run v1.22.22\ninfo Visit https://yarnpkg.com/en/docs/cli/run for documentation about this command.",
  "stderr": "error Command \"dlx\" not found.",
  "stdio": [
    null,
    "yarn run v1.22.22\ninfo Visit https://yarnpkg.com/en/docs/cli/run for documentation about this command.",
    "error Command \"dlx\" not found."
  ],
  "ipcOutput": [],
  "pipedFrom": []
}
[04:05:06.450] [INFO] Configuring @storybook/addon-docs...
[04:05:06.479] [WARN] Could not resolve the postinstall hook of @storybook/addon-docs, skipping its configuration. Run `npx storybook add @storybook/addon-docs` to set it up manually.
[04:05:06.480] [INFO] @storybook/addon-docs configured

[04:05:06.480] [INFO] Configuring @storybook/addon-onboarding...
[04:05:06.508] [WARN] Could not resolve the postinstall hook of @storybook/addon-onboarding, skipping its configuration. Run `npx storybook add @storybook/addon-onboarding` to set it up manually.
[04:05:06.509] [INFO] @storybook/addon-onboarding configured

[04:05:06.509] [INFO] Failed to configure addons
[04:05:06.509] [INFO] [2m❌ @storybook/addon-a11y[22m
[04:05:06.511] [INFO] [2m✅ @storybook/addon-docs[22m
[04:05:06.511] [INFO] [2m✅ @storybook/addon-onboarding[22m
[04:05:06.512] [WARN] Storybook setup completed, but some non-blocking errors occurred. Please check the log file below for details.
[04:05:06.514] [INFO] To run Storybook, run [36myarn storybook[39m. CTRL+C to stop.
[04:05:06.514] [INFO] Want to learn more about Storybook? [36mhttps://storybook.js.org/[39m
Having trouble or want to chat? [36mhttps://discord.gg/storybook/[39m